Analysis & Synthesis report for ServoController
Fri Nov 11 11:56:16 2016
Quartus II 64-Bit Version 14.1.0 Build 186 12/03/2014 SJ Web Edition


---------------------
; Table of Contents ;
---------------------
  1. Legal Notice
  2. Analysis & Synthesis Summary
  3. Analysis & Synthesis Settings
  4. Parallel Compilation
  5. Analysis & Synthesis Source Files Read
  6. Analysis & Synthesis Resource Usage Summary
  7. Analysis & Synthesis Resource Utilization by Entity
  8. State Machine - |ServoController|i2cSlave:inst2|serialInterface:u_serialInterface|streamSt
  9. State Machine - |ServoController|i2cSlave:inst2|serialInterface:u_serialInterface|CurrState_SISt
 10. Registers Removed During Synthesis
 11. General Register Statistics
 12. Multiplexer Restructuring Statistics (Restructuring Performed)
 13. Parameter Settings for User Entity Instance: pwm_generator:inst
 14. Parameter Settings for User Entity Instance: pwm_generator:inst3
 15. Parameter Settings for User Entity Instance: pwm_generator:inst6
 16. Parameter Settings for User Entity Instance: pwm_generator:inst5
 17. Post-Synthesis Netlist Statistics for Top Partition
 18. Elapsed Time Per Partition
 19. Analysis & Synthesis Messages
 20. Analysis & Synthesis Suppressed Messages



----------------
; Legal Notice ;
----------------
Copyright (C) 1991-2014 Altera Corporation. All rights reserved.
Your use of Altera Corporation's design tools, logic functions 
and other software and tools, and its AMPP partner logic 
functions, and any output files from any of the foregoing 
(including device programming or simulation files), and any 
associated documentation or information are expressly subject 
to the terms and conditions of the Altera Program License 
Subscription Agreement, the Altera Quartus II License Agreement,
the Altera MegaCore Function License Agreement, or other 
applicable license agreement, including, without limitation, 
that your use is for the sole purpose of programming logic 
devices manufactured by Altera and sold by Altera or its 
authorized distributors.  Please refer to the applicable 
agreement for further details.



+---------------------------------------------------------------------------------+
; Analysis & Synthesis Summary                                                    ;
+------------------------------------+--------------------------------------------+
; Analysis & Synthesis Status        ; Successful - Fri Nov 11 11:56:16 2016      ;
; Quartus II 64-Bit Version          ; 14.1.0 Build 186 12/03/2014 SJ Web Edition ;
; Revision Name                      ; ServoController                            ;
; Top-level Entity Name              ; ServoController                            ;
; Family                             ; Cyclone IV E                               ;
; Total logic elements               ; 290                                        ;
;     Total combinational functions  ; 257                                        ;
;     Dedicated logic registers      ; 161                                        ;
; Total registers                    ; 161                                        ;
; Total pins                         ; 9                                          ;
; Total virtual pins                 ; 0                                          ;
; Total memory bits                  ; 0                                          ;
; Embedded Multiplier 9-bit elements ; 0                                          ;
; Total PLLs                         ; 0                                          ;
+------------------------------------+--------------------------------------------+


+----------------------------------------------------------------------------------------------------------------------+
; Analysis & Synthesis Settings                                                                                        ;
+----------------------------------------------------------------------------+--------------------+--------------------+
; Option                                                                     ; Setting            ; Default Value      ;
+----------------------------------------------------------------------------+--------------------+--------------------+
; Device                                                                     ; EP4CE22F17C6       ;                    ;
; Top-level entity name                                                      ; ServoController    ; ServoController    ;
; Family name                                                                ; Cyclone IV E       ; Cyclone IV GX      ;
; Use smart compilation                                                      ; Off                ; Off                ;
; Enable parallel Assembler and TimeQuest Timing Analyzer during compilation ; On                 ; On                 ;
; Enable compact report table                                                ; Off                ; Off                ;
; Restructure Multiplexers                                                   ; Auto               ; Auto               ;
; Create Debugging Nodes for IP Cores                                        ; Off                ; Off                ;
; Preserve fewer node names                                                  ; On                 ; On                 ;
; Disable OpenCore Plus hardware evaluation                                  ; Off                ; Off                ;
; Verilog Version                                                            ; Verilog_2001       ; Verilog_2001       ;
; VHDL Version                                                               ; VHDL_1993          ; VHDL_1993          ;
; State Machine Processing                                                   ; Auto               ; Auto               ;
; Safe State Machine                                                         ; Off                ; Off                ;
; Extract Verilog State Machines                                             ; On                 ; On                 ;
; Extract VHDL State Machines                                                ; On                 ; On                 ;
; Ignore Verilog initial constructs                                          ; Off                ; Off                ;
; Iteration limit for constant Verilog loops                                 ; 5000               ; 5000               ;
; Iteration limit for non-constant Verilog loops                             ; 250                ; 250                ;
; Add Pass-Through Logic to Inferred RAMs                                    ; On                 ; On                 ;
; Infer RAMs from Raw Logic                                                  ; On                 ; On                 ;
; Parallel Synthesis                                                         ; On                 ; On                 ;
; DSP Block Balancing                                                        ; Auto               ; Auto               ;
; NOT Gate Push-Back                                                         ; On                 ; On                 ;
; Power-Up Don't Care                                                        ; On                 ; On                 ;
; Remove Redundant Logic Cells                                               ; Off                ; Off                ;
; Remove Duplicate Registers                                                 ; On                 ; On                 ;
; Ignore CARRY Buffers                                                       ; Off                ; Off                ;
; Ignore CASCADE Buffers                                                     ; Off                ; Off                ;
; Ignore GLOBAL Buffers                                                      ; Off                ; Off                ;
; Ignore ROW GLOBAL Buffers                                                  ; Off                ; Off                ;
; Ignore LCELL Buffers                                                       ; Off                ; Off                ;
; Ignore SOFT Buffers                                                        ; On                 ; On                 ;
; Limit AHDL Integers to 32 Bits                                             ; Off                ; Off                ;
; Optimization Technique                                                     ; Balanced           ; Balanced           ;
; Carry Chain Length                                                         ; 70                 ; 70                 ;
; Auto Carry Chains                                                          ; On                 ; On                 ;
; Auto Open-Drain Pins                                                       ; On                 ; On                 ;
; Perform WYSIWYG Primitive Resynthesis                                      ; Off                ; Off                ;
; Auto ROM Replacement                                                       ; On                 ; On                 ;
; Auto RAM Replacement                                                       ; On                 ; On                 ;
; Auto DSP Block Replacement                                                 ; On                 ; On                 ;
; Auto Shift Register Replacement                                            ; Auto               ; Auto               ;
; Allow Shift Register Merging across Hierarchies                            ; Auto               ; Auto               ;
; Auto Clock Enable Replacement                                              ; On                 ; On                 ;
; Strict RAM Replacement                                                     ; Off                ; Off                ;
; Allow Synchronous Control Signals                                          ; On                 ; On                 ;
; Force Use of Synchronous Clear Signals                                     ; Off                ; Off                ;
; Auto RAM Block Balancing                                                   ; On                 ; On                 ;
; Auto RAM to Logic Cell Conversion                                          ; Off                ; Off                ;
; Auto Resource Sharing                                                      ; Off                ; Off                ;
; Allow Any RAM Size For Recognition                                         ; Off                ; Off                ;
; Allow Any ROM Size For Recognition                                         ; Off                ; Off                ;
; Allow Any Shift Register Size For Recognition                              ; Off                ; Off                ;
; Use LogicLock Constraints during Resource Balancing                        ; On                 ; On                 ;
; Ignore translate_off and synthesis_off directives                          ; Off                ; Off                ;
; Timing-Driven Synthesis                                                    ; On                 ; On                 ;
; Report Parameter Settings                                                  ; On                 ; On                 ;
; Report Source Assignments                                                  ; On                 ; On                 ;
; Report Connectivity Checks                                                 ; On                 ; On                 ;
; Ignore Maximum Fan-Out Assignments                                         ; Off                ; Off                ;
; Synchronization Register Chain Length                                      ; 2                  ; 2                  ;
; PowerPlay Power Optimization During Synthesis                              ; Normal compilation ; Normal compilation ;
; HDL message level                                                          ; Level2             ; Level2             ;
; Suppress Register Optimization Related Messages                            ; Off                ; Off                ;
; Number of Removed Registers Reported in Synthesis Report                   ; 5000               ; 5000               ;
; Number of Swept Nodes Reported in Synthesis Report                         ; 5000               ; 5000               ;
; Number of Inverted Registers Reported in Synthesis Report                  ; 100                ; 100                ;
; Clock MUX Protection                                                       ; On                 ; On                 ;
; Auto Gated Clock Conversion                                                ; Off                ; Off                ;
; Block Design Naming                                                        ; Auto               ; Auto               ;
; SDC constraint protection                                                  ; Off                ; Off                ;
; Synthesis Effort                                                           ; Auto               ; Auto               ;
; Shift Register Replacement - Allow Asynchronous Clear Signal               ; On                 ; On                 ;
; Pre-Mapping Resynthesis Optimization                                       ; Off                ; Off                ;
; Analysis & Synthesis Message Level                                         ; Medium             ; Medium             ;
; Disable Register Merging Across Hierarchies                                ; Auto               ; Auto               ;
; Resource Aware Inference For Block RAM                                     ; On                 ; On                 ;
; Synthesis Seed                                                             ; 1                  ; 1                  ;
+----------------------------------------------------------------------------+--------------------+--------------------+


Parallel compilation was disabled, but you have multiple processors available. Enable parallel compilation to reduce compilation time.
+-------------------------------------+
; Parallel Compilation                ;
+----------------------------+--------+
; Processors                 ; Number ;
+----------------------------+--------+
; Number detected on machine ; 8      ;
; Maximum allowed            ; 1      ;
+----------------------------+--------+


+---------------------------------------------------------------------------------------------------------------------------------------------------------------------------------------------------------------------+
; Analysis & Synthesis Source Files Read                                                                                                                                                                              ;
+----------------------------------------+-----------------+------------------------------------+-----------------------------------------------------------------------------------------------------------+---------+
; File Name with User-Entered Path       ; Used in Netlist ; File Type                          ; File Name with Absolute Path                                                                              ; Library ;
+----------------------------------------+-----------------+------------------------------------+-----------------------------------------------------------------------------------------------------------+---------+
; i2cslave/trunk/rtl/timescale.v         ; yes             ; User Verilog HDL File              ; D:/SeniorProject/Cloud-Car/VeriLog/QuartusProjects/ServoController/i2cslave/trunk/rtl/timescale.v         ;         ;
; i2cslave/trunk/rtl/serialInterface.v   ; yes             ; User Verilog HDL File              ; D:/SeniorProject/Cloud-Car/VeriLog/QuartusProjects/ServoController/i2cslave/trunk/rtl/serialInterface.v   ;         ;
; i2cslave/trunk/rtl/registerInterface.v ; yes             ; User Verilog HDL File              ; D:/SeniorProject/Cloud-Car/VeriLog/QuartusProjects/ServoController/i2cslave/trunk/rtl/registerInterface.v ;         ;
; i2cslave/trunk/rtl/i2cSlave_define.v   ; yes             ; User Verilog HDL File              ; D:/SeniorProject/Cloud-Car/VeriLog/QuartusProjects/ServoController/i2cslave/trunk/rtl/i2cSlave_define.v   ;         ;
; i2cslave/trunk/rtl/i2cSlave.v          ; yes             ; User Verilog HDL File              ; D:/SeniorProject/Cloud-Car/VeriLog/QuartusProjects/ServoController/i2cslave/trunk/rtl/i2cSlave.v          ;         ;
; pwm_generator.v                        ; yes             ; User Verilog HDL File              ; D:/SeniorProject/Cloud-Car/VeriLog/QuartusProjects/ServoController/pwm_generator.v                        ;         ;
; ServoController.bdf                    ; yes             ; User Block Diagram/Schematic File  ; D:/SeniorProject/Cloud-Car/VeriLog/QuartusProjects/ServoController/ServoController.bdf                    ;         ;
; clockDivider.v                         ; yes             ; User Verilog HDL File              ; D:/SeniorProject/Cloud-Car/VeriLog/QuartusProjects/ServoController/clockDivider.v                         ;         ;
+----------------------------------------+-----------------+------------------------------------+-----------------------------------------------------------------------------------------------------------+---------+


+---------------------------------------------------------+
; Analysis & Synthesis Resource Usage Summary             ;
+---------------------------------------------+-----------+
; Resource                                    ; Usage     ;
+---------------------------------------------+-----------+
; Estimated Total logic elements              ; 290       ;
;                                             ;           ;
; Total combinational functions               ; 257       ;
; Logic element usage by number of LUT inputs ;           ;
;     -- 4 input functions                    ; 141       ;
;     -- 3 input functions                    ; 50        ;
;     -- <=2 input functions                  ; 66        ;
;                                             ;           ;
; Logic elements by mode                      ;           ;
;     -- normal mode                          ; 209       ;
;     -- arithmetic mode                      ; 48        ;
;                                             ;           ;
; Total registers                             ; 161       ;
;     -- Dedicated logic registers            ; 161       ;
;     -- I/O registers                        ; 0         ;
;                                             ;           ;
; I/O pins                                    ; 9         ;
;                                             ;           ;
; Embedded Multiplier 9-bit elements          ; 0         ;
;                                             ;           ;
; Maximum fan-out node                        ; clk~input ;
; Maximum fan-out                             ; 149       ;
; Total fan-out                               ; 1288      ;
; Average fan-out                             ; 2.95      ;
+---------------------------------------------+-----------+


+--------------------------------------------------------------------------------------------------------------------------------------------------------------------------------------------------------------------------------------------------+
; Analysis & Synthesis Resource Utilization by Entity                                                                                                                                                                                              ;
+-----------------------------------------------+-------------------+--------------+-------------+--------------+---------+-----------+------+--------------+-----------------------------------------------------------------------+--------------+
; Compilation Hierarchy Node                    ; LC Combinationals ; LC Registers ; Memory Bits ; DSP Elements ; DSP 9x9 ; DSP 18x18 ; Pins ; Virtual Pins ; Full Hierarchy Name                                                   ; Library Name ;
+-----------------------------------------------+-------------------+--------------+-------------+--------------+---------+-----------+------+--------------+-----------------------------------------------------------------------+--------------+
; |ServoController                              ; 257 (0)           ; 161 (0)      ; 0           ; 0            ; 0       ; 0         ; 9    ; 0            ; |ServoController                                                      ; work         ;
;    |clockDivider:inst1|                       ; 12 (12)           ; 10 (10)      ; 0           ; 0            ; 0       ; 0         ; 0    ; 0            ; |ServoController|clockDivider:inst1                                   ; work         ;
;    |i2cSlave:inst2|                           ; 193 (49)          ; 139 (41)     ; 0           ; 0            ; 0       ; 0         ; 0    ; 0            ; |ServoController|i2cSlave:inst2                                       ; work         ;
;       |registerInterface:u_registerInterface| ; 31 (31)           ; 40 (40)      ; 0           ; 0            ; 0       ; 0         ; 0    ; 0            ; |ServoController|i2cSlave:inst2|registerInterface:u_registerInterface ; work         ;
;       |serialInterface:u_serialInterface|     ; 113 (113)         ; 58 (58)      ; 0           ; 0            ; 0       ; 0         ; 0    ; 0            ; |ServoController|i2cSlave:inst2|serialInterface:u_serialInterface     ; work         ;
;    |pwm_generator:inst3|                      ; 19 (19)           ; 9 (9)        ; 0           ; 0            ; 0       ; 0         ; 0    ; 0            ; |ServoController|pwm_generator:inst3                                  ; work         ;
;    |pwm_generator:inst5|                      ; 11 (11)           ; 1 (1)        ; 0           ; 0            ; 0       ; 0         ; 0    ; 0            ; |ServoController|pwm_generator:inst5                                  ; work         ;
;    |pwm_generator:inst6|                      ; 11 (11)           ; 1 (1)        ; 0           ; 0            ; 0       ; 0         ; 0    ; 0            ; |ServoController|pwm_generator:inst6                                  ; work         ;
;    |pwm_generator:inst|                       ; 11 (11)           ; 1 (1)        ; 0           ; 0            ; 0       ; 0         ; 0    ; 0            ; |ServoController|pwm_generator:inst                                   ; work         ;
+-----------------------------------------------+-------------------+--------------+-------------+--------------+---------+-----------+------+--------------+-----------------------------------------------------------------------+--------------+
Note: For table entries with two numbers listed, the numbers in parentheses indicate the number of resources of the given type used by the specific entity alone. The numbers listed outside of parentheses indicate the total resources of the given type used by the specific entity and all of its sub-entities in the hierarchy.


Encoding Type:  One-Hot
+--------------------------------------------------------------------------------------------+
; State Machine - |ServoController|i2cSlave:inst2|serialInterface:u_serialInterface|streamSt ;
+-------------+-------------+-------------+-------------+------------------------------------+
; Name        ; streamSt.11 ; streamSt.10 ; streamSt.01 ; streamSt.00                        ;
+-------------+-------------+-------------+-------------+------------------------------------+
; streamSt.00 ; 0           ; 0           ; 0           ; 0                                  ;
; streamSt.01 ; 0           ; 0           ; 1           ; 1                                  ;
; streamSt.10 ; 0           ; 1           ; 0           ; 1                                  ;
; streamSt.11 ; 1           ; 0           ; 0           ; 1                                  ;
+-------------+-------------+-------------+-------------+------------------------------------+


Encoding Type:  One-Hot
+-------------------------------------------------------------------------------------------------------------------------------------------------------------------------------------------------------------------------------------------------------------------------------------------------------------------------------------------------------------------------------------+
; State Machine - |ServoController|i2cSlave:inst2|serialInterface:u_serialInterface|CurrState_SISt                                                                                                                                                                                                                                                                                    ;
+---------------------+---------------------+---------------------+---------------------+---------------------+---------------------+---------------------+---------------------+---------------------+---------------------+---------------------+---------------------+---------------------+---------------------+---------------------+---------------------+---------------------+
; Name                ; CurrState_SISt.1111 ; CurrState_SISt.1110 ; CurrState_SISt.1101 ; CurrState_SISt.1100 ; CurrState_SISt.1011 ; CurrState_SISt.1010 ; CurrState_SISt.1001 ; CurrState_SISt.1000 ; CurrState_SISt.0111 ; CurrState_SISt.0110 ; CurrState_SISt.0101 ; CurrState_SISt.0100 ; CurrState_SISt.0011 ; CurrState_SISt.0010 ; CurrState_SISt.0001 ; CurrState_SISt.0000 ;
+---------------------+---------------------+---------------------+---------------------+---------------------+---------------------+---------------------+---------------------+---------------------+---------------------+---------------------+---------------------+---------------------+---------------------+---------------------+---------------------+---------------------+
; CurrState_SISt.0000 ; 0                   ; 0                   ; 0                   ; 0                   ; 0                   ; 0                   ; 0                   ; 0                   ; 0                   ; 0                   ; 0                   ; 0                   ; 0                   ; 0                   ; 0                   ; 0                   ;
; CurrState_SISt.0001 ; 0                   ; 0                   ; 0                   ; 0                   ; 0                   ; 0                   ; 0                   ; 0                   ; 0                   ; 0                   ; 0                   ; 0                   ; 0                   ; 0                   ; 1                   ; 1                   ;
; CurrState_SISt.0010 ; 0                   ; 0                   ; 0                   ; 0                   ; 0                   ; 0                   ; 0                   ; 0                   ; 0                   ; 0                   ; 0                   ; 0                   ; 0                   ; 1                   ; 0                   ; 1                   ;
; CurrState_SISt.0011 ; 0                   ; 0                   ; 0                   ; 0                   ; 0                   ; 0                   ; 0                   ; 0                   ; 0                   ; 0                   ; 0                   ; 0                   ; 1                   ; 0                   ; 0                   ; 1                   ;
; CurrState_SISt.0100 ; 0                   ; 0                   ; 0                   ; 0                   ; 0                   ; 0                   ; 0                   ; 0                   ; 0                   ; 0                   ; 0                   ; 1                   ; 0                   ; 0                   ; 0                   ; 1                   ;
; CurrState_SISt.0101 ; 0                   ; 0                   ; 0                   ; 0                   ; 0                   ; 0                   ; 0                   ; 0                   ; 0                   ; 0                   ; 1                   ; 0                   ; 0                   ; 0                   ; 0                   ; 1                   ;
; CurrState_SISt.0110 ; 0                   ; 0                   ; 0                   ; 0                   ; 0                   ; 0                   ; 0                   ; 0                   ; 0                   ; 1                   ; 0                   ; 0                   ; 0                   ; 0                   ; 0                   ; 1                   ;
; CurrState_SISt.0111 ; 0                   ; 0                   ; 0                   ; 0                   ; 0                   ; 0                   ; 0                   ; 0                   ; 1                   ; 0                   ; 0                   ; 0                   ; 0                   ; 0                   ; 0                   ; 1                   ;
; CurrState_SISt.1000 ; 0                   ; 0                   ; 0                   ; 0                   ; 0                   ; 0                   ; 0                   ; 1                   ; 0                   ; 0                   ; 0                   ; 0                   ; 0                   ; 0                   ; 0                   ; 1                   ;
; CurrState_SISt.1001 ; 0                   ; 0                   ; 0                   ; 0                   ; 0                   ; 0                   ; 1                   ; 0                   ; 0                   ; 0                   ; 0                   ; 0                   ; 0                   ; 0                   ; 0                   ; 1                   ;
; CurrState_SISt.1010 ; 0                   ; 0                   ; 0                   ; 0                   ; 0                   ; 1                   ; 0                   ; 0                   ; 0                   ; 0                   ; 0                   ; 0                   ; 0                   ; 0                   ; 0                   ; 1                   ;
; CurrState_SISt.1011 ; 0                   ; 0                   ; 0                   ; 0                   ; 1                   ; 0                   ; 0                   ; 0                   ; 0                   ; 0                   ; 0                   ; 0                   ; 0                   ; 0                   ; 0                   ; 1                   ;
; CurrState_SISt.1100 ; 0                   ; 0                   ; 0                   ; 1                   ; 0                   ; 0                   ; 0                   ; 0                   ; 0                   ; 0                   ; 0                   ; 0                   ; 0                   ; 0                   ; 0                   ; 1                   ;
; CurrState_SISt.1101 ; 0                   ; 0                   ; 1                   ; 0                   ; 0                   ; 0                   ; 0                   ; 0                   ; 0                   ; 0                   ; 0                   ; 0                   ; 0                   ; 0                   ; 0                   ; 1                   ;
; CurrState_SISt.1110 ; 0                   ; 1                   ; 0                   ; 0                   ; 0                   ; 0                   ; 0                   ; 0                   ; 0                   ; 0                   ; 0                   ; 0                   ; 0                   ; 0                   ; 0                   ; 1                   ;
; CurrState_SISt.1111 ; 1                   ; 0                   ; 0                   ; 0                   ; 0                   ; 0                   ; 0                   ; 0                   ; 0                   ; 0                   ; 0                   ; 0                   ; 0                   ; 0                   ; 0                   ; 1                   ;
+---------------------+---------------------+---------------------+---------------------+---------------------+---------------------+---------------------+---------------------+---------------------+---------------------+---------------------+---------------------+---------------------+---------------------+---------------------+---------------------+---------------------+


+--------------------------------------------------------------------------------------------------------------+
; Registers Removed During Synthesis                                                                           ;
+-------------------------------------------------------------------+------------------------------------------+
; Register name                                                     ; Reason for Removal                       ;
+-------------------------------------------------------------------+------------------------------------------+
; pwm_generator:inst5|count[7]                                      ; Merged with pwm_generator:inst3|count[7] ;
; pwm_generator:inst6|count[7]                                      ; Merged with pwm_generator:inst3|count[7] ;
; pwm_generator:inst|count[7]                                       ; Merged with pwm_generator:inst3|count[7] ;
; pwm_generator:inst5|count[6]                                      ; Merged with pwm_generator:inst3|count[6] ;
; pwm_generator:inst6|count[6]                                      ; Merged with pwm_generator:inst3|count[6] ;
; pwm_generator:inst|count[6]                                       ; Merged with pwm_generator:inst3|count[6] ;
; pwm_generator:inst5|count[5]                                      ; Merged with pwm_generator:inst3|count[5] ;
; pwm_generator:inst6|count[5]                                      ; Merged with pwm_generator:inst3|count[5] ;
; pwm_generator:inst|count[5]                                       ; Merged with pwm_generator:inst3|count[5] ;
; pwm_generator:inst5|count[4]                                      ; Merged with pwm_generator:inst3|count[4] ;
; pwm_generator:inst6|count[4]                                      ; Merged with pwm_generator:inst3|count[4] ;
; pwm_generator:inst|count[4]                                       ; Merged with pwm_generator:inst3|count[4] ;
; pwm_generator:inst5|count[3]                                      ; Merged with pwm_generator:inst3|count[3] ;
; pwm_generator:inst6|count[3]                                      ; Merged with pwm_generator:inst3|count[3] ;
; pwm_generator:inst|count[3]                                       ; Merged with pwm_generator:inst3|count[3] ;
; pwm_generator:inst5|count[2]                                      ; Merged with pwm_generator:inst3|count[2] ;
; pwm_generator:inst6|count[2]                                      ; Merged with pwm_generator:inst3|count[2] ;
; pwm_generator:inst|count[2]                                       ; Merged with pwm_generator:inst3|count[2] ;
; pwm_generator:inst5|count[1]                                      ; Merged with pwm_generator:inst3|count[1] ;
; pwm_generator:inst6|count[1]                                      ; Merged with pwm_generator:inst3|count[1] ;
; pwm_generator:inst|count[1]                                       ; Merged with pwm_generator:inst3|count[1] ;
; pwm_generator:inst5|count[0]                                      ; Merged with pwm_generator:inst3|count[0] ;
; pwm_generator:inst6|count[0]                                      ; Merged with pwm_generator:inst3|count[0] ;
; pwm_generator:inst|count[0]                                       ; Merged with pwm_generator:inst3|count[0] ;
; i2cSlave:inst2|serialInterface:u_serialInterface|streamSt~2       ; Lost fanout                              ;
; i2cSlave:inst2|serialInterface:u_serialInterface|streamSt~3       ; Lost fanout                              ;
; i2cSlave:inst2|serialInterface:u_serialInterface|CurrState_SISt~2 ; Lost fanout                              ;
; i2cSlave:inst2|serialInterface:u_serialInterface|CurrState_SISt~3 ; Lost fanout                              ;
; i2cSlave:inst2|serialInterface:u_serialInterface|CurrState_SISt~4 ; Lost fanout                              ;
; i2cSlave:inst2|serialInterface:u_serialInterface|CurrState_SISt~5 ; Lost fanout                              ;
; Total Number of Removed Registers = 30                            ;                                          ;
+-------------------------------------------------------------------+------------------------------------------+


+------------------------------------------------------+
; General Register Statistics                          ;
+----------------------------------------------+-------+
; Statistic                                    ; Value ;
+----------------------------------------------+-------+
; Total registers                              ; 161   ;
; Number of registers using Synchronous Clear  ; 3     ;
; Number of registers using Synchronous Load   ; 10    ;
; Number of registers using Asynchronous Clear ; 22    ;
; Number of registers using Asynchronous Load  ; 0     ;
; Number of registers using Clock Enable       ; 67    ;
; Number of registers using Preset             ; 0     ;
+----------------------------------------------+-------+


+------------------------------------------------------------------------------------------------------------------------------------------------------------------------------------------------+
; Multiplexer Restructuring Statistics (Restructuring Performed)                                                                                                                                 ;
+--------------------+-----------+---------------+----------------------+------------------------+------------+----------------------------------------------------------------------------------+
; Multiplexer Inputs ; Bus Width ; Baseline Area ; Area if Restructured ; Saving if Restructured ; Registered ; Example Multiplexer Output                                                       ;
+--------------------+-----------+---------------+----------------------+------------------------+------------+----------------------------------------------------------------------------------+
; 6:1                ; 2 bits    ; 8 LEs         ; 4 LEs                ; 4 LEs                  ; Yes        ; |ServoController|i2cSlave:inst2|startStopDetState[0]                             ;
; 7:1                ; 7 bits    ; 28 LEs        ; 14 LEs               ; 14 LEs                 ; Yes        ; |ServoController|i2cSlave:inst2|serialInterface:u_serialInterface|txData[5]      ;
; 256:1              ; 8 bits    ; 1360 LEs      ; 24 LEs               ; 1336 LEs               ; Yes        ; |ServoController|i2cSlave:inst2|registerInterface:u_registerInterface|dataOut[4] ;
; 8:1                ; 8 bits    ; 40 LEs        ; 8 LEs                ; 32 LEs                 ; Yes        ; |ServoController|i2cSlave:inst2|serialInterface:u_serialInterface|regAddr[5]     ;
; 10:1               ; 8 bits    ; 48 LEs        ; 8 LEs                ; 40 LEs                 ; Yes        ; |ServoController|i2cSlave:inst2|serialInterface:u_serialInterface|rxData[3]      ;
; 14:1               ; 3 bits    ; 27 LEs        ; 9 LEs                ; 18 LEs                 ; Yes        ; |ServoController|i2cSlave:inst2|serialInterface:u_serialInterface|bitCnt[2]      ;
; 3:1                ; 8 bits    ; 16 LEs        ; 8 LEs                ; 8 LEs                  ; No         ; |ServoController|i2cSlave:inst2|serialInterface:u_serialInterface|next_dataOut   ;
; 12:1               ; 2 bits    ; 16 LEs        ; 4 LEs                ; 12 LEs                 ; No         ; |ServoController|i2cSlave:inst2|serialInterface:u_serialInterface|streamSt       ;
; 7:1                ; 2 bits    ; 8 LEs         ; 4 LEs                ; 4 LEs                  ; No         ; |ServoController|i2cSlave:inst2|serialInterface:u_serialInterface|CurrState_SISt ;
+--------------------+-----------+---------------+----------------------+------------------------+------------+----------------------------------------------------------------------------------+


+-----------------------------------------------------------------+
; Parameter Settings for User Entity Instance: pwm_generator:inst ;
+----------------+-------+----------------------------------------+
; Parameter Name ; Value ; Type                                   ;
+----------------+-------+----------------------------------------+
; PWM_DEPTH      ; 8     ; Signed Integer                         ;
+----------------+-------+----------------------------------------+
Note: In order to hide this table in the UI and the text report file, please set the "Show Parameter Settings in Synthesis Report" option in "Analysis and Synthesis Settings -> More Settings" to "Off".


+------------------------------------------------------------------+
; Parameter Settings for User Entity Instance: pwm_generator:inst3 ;
+----------------+-------+-----------------------------------------+
; Parameter Name ; Value ; Type                                    ;
+----------------+-------+-----------------------------------------+
; PWM_DEPTH      ; 8     ; Signed Integer                          ;
+----------------+-------+-----------------------------------------+
Note: In order to hide this table in the UI and the text report file, please set the "Show Parameter Settings in Synthesis Report" option in "Analysis and Synthesis Settings -> More Settings" to "Off".


+------------------------------------------------------------------+
; Parameter Settings for User Entity Instance: pwm_generator:inst6 ;
+----------------+-------+-----------------------------------------+
; Parameter Name ; Value ; Type                                    ;
+----------------+-------+-----------------------------------------+
; PWM_DEPTH      ; 8     ; Signed Integer                          ;
+----------------+-------+-----------------------------------------+
Note: In order to hide this table in the UI and the text report file, please set the "Show Parameter Settings in Synthesis Report" option in "Analysis and Synthesis Settings -> More Settings" to "Off".


+------------------------------------------------------------------+
; Parameter Settings for User Entity Instance: pwm_generator:inst5 ;
+----------------+-------+-----------------------------------------+
; Parameter Name ; Value ; Type                                    ;
+----------------+-------+-----------------------------------------+
; PWM_DEPTH      ; 8     ; Signed Integer                          ;
+----------------+-------+-----------------------------------------+
Note: In order to hide this table in the UI and the text report file, please set the "Show Parameter Settings in Synthesis Report" option in "Analysis and Synthesis Settings -> More Settings" to "Off".


+-----------------------------------------------------+
; Post-Synthesis Netlist Statistics for Top Partition ;
+-----------------------+-----------------------------+
; Type                  ; Count                       ;
+-----------------------+-----------------------------+
; boundary_port         ; 9                           ;
; cycloneiii_ff         ; 161                         ;
;     CLR               ; 22                          ;
;     ENA               ; 57                          ;
;     ENA SCLR          ; 2                           ;
;     ENA SLD           ; 8                           ;
;     SCLR              ; 1                           ;
;     SLD               ; 2                           ;
;     plain             ; 69                          ;
; cycloneiii_io_obuf    ; 1                           ;
; cycloneiii_lcell_comb ; 257                         ;
;     arith             ; 48                          ;
;         2 data inputs ; 18                          ;
;         3 data inputs ; 30                          ;
;     normal            ; 209                         ;
;         1 data inputs ; 5                           ;
;         2 data inputs ; 43                          ;
;         3 data inputs ; 20                          ;
;         4 data inputs ; 141                         ;
;                       ;                             ;
; Max LUT depth         ; 4.00                        ;
; Average LUT depth     ; 2.17                        ;
+-----------------------+-----------------------------+


+-------------------------------+
; Elapsed Time Per Partition    ;
+----------------+--------------+
; Partition Name ; Elapsed Time ;
+----------------+--------------+
; Top            ; 00:00:01     ;
+----------------+--------------+


+-------------------------------+
; Analysis & Synthesis Messages ;
+-------------------------------+
Info: *******************************************************************
Info: Running Quartus II 64-Bit Analysis & Synthesis
    Info: Version 14.1.0 Build 186 12/03/2014 SJ Web Edition
    Info: Processing started: Fri Nov 11 11:56:04 2016
Info: Command: quartus_map --read_settings_files=on --write_settings_files=off ServoController -c ServoController
Warning (20028): Parallel compilation is not licensed and has been disabled
Info (12021): Found 0 design units, including 0 entities, in source file i2cslave/trunk/rtl/timescale.v
Info (12021): Found 1 design units, including 1 entities, in source file i2cslave/trunk/rtl/serialinterface.v
    Info (12023): Found entity 1: serialInterface
Info (12021): Found 1 design units, including 1 entities, in source file i2cslave/trunk/rtl/registerinterface.v
    Info (12023): Found entity 1: registerInterface
Info (12021): Found 1 design units, including 1 entities, in source file i2cslave/trunk/rtl/i2cslavetop.v
    Info (12023): Found entity 1: i2cSlaveTop
Info (12021): Found 0 design units, including 0 entities, in source file i2cslave/trunk/rtl/i2cslave_define.v
Info (12021): Found 1 design units, including 1 entities, in source file i2cslave/trunk/rtl/i2cslave.v
    Info (12023): Found entity 1: i2cSlave
Info (12021): Found 1 design units, including 1 entities, in source file servocontroller_vlg_tst.v
    Info (12023): Found entity 1: ServoController_vlg_tst
Info (12021): Found 1 design units, including 1 entities, in source file pwm_generator.v
    Info (12023): Found entity 1: pwm_generator
Info (12021): Found 1 design units, including 1 entities, in source file servocontroller.bdf
    Info (12023): Found entity 1: ServoController
Info (12021): Found 1 design units, including 1 entities, in source file pll.v
    Info (12023): Found entity 1: pll
Info (12021): Found 1 design units, including 1 entities, in source file clockdivider.v
    Info (12023): Found entity 1: clockDivider
Info (12021): Found 1 design units, including 1 entities, in source file clockdivider_testbench.v
    Info (12023): Found entity 1: clockDivider_testbench
Info (12127): Elaborating entity "ServoController" for the top level hierarchy
Info (12128): Elaborating entity "pwm_generator" for hierarchy "pwm_generator:inst"
Info (12128): Elaborating entity "clockDivider" for hierarchy "clockDivider:inst1"
Info (12128): Elaborating entity "i2cSlave" for hierarchy "i2cSlave:inst2"
Info (12128): Elaborating entity "registerInterface" for hierarchy "i2cSlave:inst2|registerInterface:u_registerInterface"
Info (12128): Elaborating entity "serialInterface" for hierarchy "i2cSlave:inst2|serialInterface:u_serialInterface"
Info (10264): Verilog HDL Case Statement information at serialInterface.v(250): all case item expressions in this case statement are onehot
Info (286030): Timing-Driven Synthesis is running
Info (17049): 6 registers lost all their fanouts during netlist optimizations.
Info (144001): Generated suppressed messages file D:/SeniorProject/Cloud-Car/VeriLog/QuartusProjects/ServoController/output_files/ServoController.map.smsg
Info (16010): Generating hard_block partition "hard_block:auto_generated_inst"
    Info (16011): Adding 0 node(s), including 0 DDIO, 0 PLL, 0 transceiver and 0 LCELL
Info (21057): Implemented 301 device resources after synthesis - the final resource count might be different
    Info (21058): Implemented 4 input pins
    Info (21059): Implemented 4 output pins
    Info (21060): Implemented 1 bidirectional pins
    Info (21061): Implemented 292 logic cells
Info: Quartus II 64-Bit Analysis & Synthesis was successful. 0 errors, 1 warning
    Info: Peak virtual memory: 642 megabytes
    Info: Processing ended: Fri Nov 11 11:56:16 2016
    Info: Elapsed time: 00:00:12
    Info: Total CPU time (on all processors): 00:00:29


+------------------------------------------+
; Analysis & Synthesis Suppressed Messages ;
+------------------------------------------+
The suppressed messages can be found in D:/SeniorProject/Cloud-Car/VeriLog/QuartusProjects/ServoController/output_files/ServoController.map.smsg.


